Using pre-set license
Built from '2020.3/staging' branch; Version is '2020.3.6f1 (338bb68529b2) revision 3378102'; Using compiler version '192528614'; Build Type 'Release'
OS: 'Windows 10 Home; OS build 19042.1237; Version 2009; 64bit' Language: 'es' Physical Memory: 16333 MB
BatchMode: 1, IsHumanControllingUs: 0, StartBugReporterOnCrash: 0, Is64bit: 1, IsPro: 0

 COMMAND LINE ARGUMENTS:
C:\Program Files\Unity\Hub\Editor\2020.3.6f1\Editor\Unity.exe
-adb2
-batchMode
-noUpm
-name
AssetImportWorker0
-projectPath
C:/Users/pen29/Documents/GitHub/Tarea-Joints
-logFile
Logs/AssetImportWorker0.log
-srvPort
57345
Successfully changed project path to: C:/Users/pen29/Documents/GitHub/Tarea-Joints
C:/Users/pen29/Documents/GitHub/Tarea-Joints
Using Asset Import Pipeline V2.
Refreshing native plugins compatible for Editor in 105.39 ms, found 1 plugins.
Preloading 0 native plugins for Editor in 0.00 ms.
Initialize engine version: 2020.3.6f1 (338bb68529b2)
[Subsystems] Discovering subsystems at path C:/Program Files/Unity/Hub/Editor/2020.3.6f1/Editor/Data/Resources/UnitySubsystems
[Subsystems] Discovering subsystems at path C:/Users/pen29/Documents/GitHub/Tarea-Joints/Assets
GfxDevice: creating device client; threaded=0
Direct3D:
    Version:  Direct3D 11.0 [level 11.1]
    Renderer: NVIDIA GeForce GTX 1650 SUPER (ID=0x2187)
    Vendor:   
    VRAM:     3955 MB
    Driver:   30.0.14.7196
Initialize mono
Mono path[0] = 'C:/Program Files/Unity/Hub/Editor/2020.3.6f1/Editor/Data/Managed'
Mono path[1] = 'C:/Program Files/Unity/Hub/Editor/2020.3.6f1/Editor/Data/MonoBleedingEdge/lib/mono/unityjit'
Mono config path = 'C:/Program Files/Unity/Hub/Editor/2020.3.6f1/Editor/Data/MonoBleedingEdge/etc'
Using monoOptions --debugger-agent=transport=dt_socket,embedding=1,server=y,suspend=n,address=127.0.0.1:56576
Begin MonoManager ReloadAssembly
Registering precompiled unity dll's ...
Register platform support module: C:/Program Files/Unity/Hub/Editor/2020.3.6f1/Editor/Data/PlaybackEngines/WebGLSupport/UnityEditor.WebGL.Extensions.dll
Register platform support module: C:/Program Files/Unity/Hub/Editor/2020.3.6f1/Editor/Data/PlaybackEngines/WindowsStandaloneSupport/UnityEditor.WindowsStandalone.Extensions.dll
Registered in 0.002355 seconds.
Native extension for WindowsStandalone target not found
Native extension for WebGL target not found
Refreshing native plugins compatible for Editor in 44.37 ms, found 1 plugins.
Preloading 0 native plugins for Editor in 0.00 ms.
Mono: successfully reloaded assembly
- Completed reload, in 10.134 seconds
Platform modules already initialized, skipping
Registering precompiled user dll's ...
Registered in 0.001089 seconds.
Begin MonoManager ReloadAssembly
Native extension for WindowsStandalone target not found
Native extension for WebGL target not found
Refreshing native plugins compatible for Editor in 37.61 ms, found 1 plugins.
Preloading 0 native plugins for Editor in 0.00 ms.
Mono: successfully reloaded assembly
- Completed reload, in  1.010 seconds
Platform modules already initialized, skipping
========================================================================
Worker process is ready to serve import requests
Launched and connected shader compiler UnityShaderCompiler.exe after 0.05 seconds
Refreshing native plugins compatible for Editor in 0.33 ms, found 1 plugins.
Preloading 0 native plugins for Editor in 0.00 ms.
Unloading 1813 Unused Serialized files (Serialized files now loaded: 0)
System memory in use before: 85.1 MB.
System memory in use after: 85.0 MB.

Unloading 24 unused Assets to reduce memory usage. Loaded Objects now: 2257.
Total: 2.187600 ms (FindLiveObjects: 0.214900 ms CreateObjectMapping: 0.046000 ms MarkObjects: 1.785900 ms  DeleteObjects: 0.138900 ms)

========================================================================
Received Import Request.
  path: Assets/Shield.prefab
  artifactKey: Guid(67015a208c1e97041bcb43eaa4c43e25) Importer(815301076,1909f56bfc062723c751e8b465ee728b)
Start importing Assets/Shield.prefab using Guid(67015a208c1e97041bcb43eaa4c43e25) Importer(815301076,1909f56bfc062723c751e8b465ee728b)  -> (artifact id: 'ef9a39ebd5805776576eec5f86603e45') in 0.103289 seconds
  Import took 0.106297 seconds .

========================================================================
Received Import Request.
  Time since last request: 0.387340 seconds.
  path: Assets/Shield.prefab
  artifactKey: Guid(67015a208c1e97041bcb43eaa4c43e25) Importer(815301076,1909f56bfc062723c751e8b465ee728b)
Start importing Assets/Shield.prefab using Guid(67015a208c1e97041bcb43eaa4c43e25) Importer(815301076,1909f56bfc062723c751e8b465ee728b)  -> (artifact id: 'bd6fb7cf4e33a096b0bed2e03c31d1e1') in 0.010274 seconds
  Import took 0.013320 seconds .

========================================================================
Received Prepare
Registering precompiled user dll's ...
Registered in 0.001042 seconds.
Begin MonoManager ReloadAssembly
Native extension for WindowsStandalone target not found
Native extension for WebGL target not found
Refreshing native plugins compatible for Editor in 0.34 ms, found 1 plugins.
Preloading 0 native plugins for Editor in 0.00 ms.
Mono: successfully reloaded assembly
- Completed reload, in  1.031 seconds
Platform modules already initialized, skipping
Refreshing native plugins compatible for Editor in 0.34 ms, found 1 plugins.
Preloading 0 native plugins for Editor in 0.00 ms.
Unloading 1808 Unused Serialized files (Serialized files now loaded: 0)
System memory in use before: 88.2 MB.
System memory in use after: 88.1 MB.

Unloading 12 unused Assets to reduce memory usage. Loaded Objects now: 2268.
Total: 2.102000 ms (FindLiveObjects: 0.235100 ms CreateObjectMapping: 0.066700 ms MarkObjects: 1.690500 ms  DeleteObjects: 0.108600 ms)

========================================================================
Received Import Request.
  Time since last request: 21.865276 seconds.
  path: Assets/Enemy.prefab
  artifactKey: Guid(4f746ec8dfc9ae949add0726daa5a370) Importer(815301076,1909f56bfc062723c751e8b465ee728b)
Start importing Assets/Enemy.prefab using Guid(4f746ec8dfc9ae949add0726daa5a370) Importer(815301076,1909f56bfc062723c751e8b465ee728b)  -> (artifact id: '529cb7e64c9b1e2c3988b51203d996da') in 0.063575 seconds
  Import took 0.084374 seconds .

========================================================================
Received Prepare
Registering precompiled user dll's ...
Registered in 0.001026 seconds.
Begin MonoManager ReloadAssembly
Native extension for WindowsStandalone target not found
Native extension for WebGL target not found
Refreshing native plugins compatible for Editor in 0.35 ms, found 1 plugins.
Preloading 0 native plugins for Editor in 0.00 ms.
Mono: successfully reloaded assembly
- Completed reload, in  0.889 seconds
Platform modules already initialized, skipping
Refreshing native plugins compatible for Editor in 0.34 ms, found 1 plugins.
Preloading 0 native plugins for Editor in 0.00 ms.
Unloading 1808 Unused Serialized files (Serialized files now loaded: 0)
System memory in use before: 88.2 MB.
System memory in use after: 88.2 MB.

Unloading 12 unused Assets to reduce memory usage. Loaded Objects now: 2273.
Total: 2.072800 ms (FindLiveObjects: 0.204800 ms CreateObjectMapping: 0.057500 ms MarkObjects: 1.698800 ms  DeleteObjects: 0.110600 ms)

========================================================================
Received Import Request.
  Time since last request: 43.167876 seconds.
  path: Assets/Enemy.prefab
  artifactKey: Guid(4f746ec8dfc9ae949add0726daa5a370) Importer(815301076,1909f56bfc062723c751e8b465ee728b)
Start importing Assets/Enemy.prefab using Guid(4f746ec8dfc9ae949add0726daa5a370) Importer(815301076,1909f56bfc062723c751e8b465ee728b)  -> (artifact id: '3391e7a5e7e873a415bc4fb75dde67dc') in 0.054515 seconds
  Import took 0.057505 seconds .

========================================================================
Received Import Request.
  Time since last request: 0.000167 seconds.
  path: Assets/Shield.prefab
  artifactKey: Guid(67015a208c1e97041bcb43eaa4c43e25) Importer(815301076,1909f56bfc062723c751e8b465ee728b)
Start importing Assets/Shield.prefab using Guid(67015a208c1e97041bcb43eaa4c43e25) Importer(815301076,1909f56bfc062723c751e8b465ee728b)  -> (artifact id: '9519befb8e095e548f60190c4e1880cf') in 0.007956 seconds
  Import took 0.010605 seconds .

========================================================================
Received Prepare
Registering precompiled user dll's ...
Registered in 0.001250 seconds.
Begin MonoManager ReloadAssembly
Native extension for WindowsStandalone target not found
Native extension for WebGL target not found
Refreshing native plugins compatible for Editor in 0.36 ms, found 1 plugins.
Preloading 0 native plugins for Editor in 0.00 ms.
Mono: successfully reloaded assembly
- Completed reload, in  0.897 seconds
Platform modules already initialized, skipping
Refreshing native plugins compatible for Editor in 0.34 ms, found 1 plugins.
Preloading 0 native plugins for Editor in 0.00 ms.
Unloading 1808 Unused Serialized files (Serialized files now loaded: 0)
System memory in use before: 88.3 MB.
System memory in use after: 88.2 MB.

Unloading 12 unused Assets to reduce memory usage. Loaded Objects now: 2278.
Total: 2.104600 ms (FindLiveObjects: 0.191100 ms CreateObjectMapping: 0.042500 ms MarkObjects: 1.743300 ms  DeleteObjects: 0.126300 ms)

========================================================================
Received Prepare
Registering precompiled user dll's ...
Registered in 0.001201 seconds.
Begin MonoManager ReloadAssembly
Native extension for WindowsStandalone target not found
Native extension for WebGL target not found
Refreshing native plugins compatible for Editor in 0.39 ms, found 1 plugins.
Preloading 0 native plugins for Editor in 0.00 ms.
Mono: successfully reloaded assembly
- Completed reload, in  0.906 seconds
Platform modules already initialized, skipping
Refreshing native plugins compatible for Editor in 0.35 ms, found 1 plugins.
Preloading 0 native plugins for Editor in 0.00 ms.
Unloading 1808 Unused Serialized files (Serialized files now loaded: 0)
System memory in use before: 88.3 MB.
System memory in use after: 88.2 MB.

Unloading 12 unused Assets to reduce memory usage. Loaded Objects now: 2282.
Total: 2.015900 ms (FindLiveObjects: 0.197700 ms CreateObjectMapping: 0.043500 ms MarkObjects: 1.657100 ms  DeleteObjects: 0.116400 ms)

========================================================================
Received Import Request.
  Time since last request: 73.344195 seconds.
  path: Assets/Enemy.prefab
  artifactKey: Guid(4f746ec8dfc9ae949add0726daa5a370) Importer(815301076,1909f56bfc062723c751e8b465ee728b)
Start importing Assets/Enemy.prefab using Guid(4f746ec8dfc9ae949add0726daa5a370) Importer(815301076,1909f56bfc062723c751e8b465ee728b)  -> (artifact id: '0d2bc5034b7fc5d7ab20eba29aaebd19') in 0.056788 seconds
  Import took 0.059937 seconds .

========================================================================
Received Import Request.
  Time since last request: 3.986843 seconds.
  path: Assets/Enemy.prefab
  artifactKey: Guid(4f746ec8dfc9ae949add0726daa5a370) Importer(815301076,1909f56bfc062723c751e8b465ee728b)
Start importing Assets/Enemy.prefab using Guid(4f746ec8dfc9ae949add0726daa5a370) Importer(815301076,1909f56bfc062723c751e8b465ee728b)  -> (artifact id: '863c3df067ac9b08981d8a248b78e160') in 0.015789 seconds
  Import took 0.018822 seconds .

========================================================================
Received Import Request.
  Time since last request: 5.622082 seconds.
  path: Assets/Enemy.prefab
  artifactKey: Guid(4f746ec8dfc9ae949add0726daa5a370) Importer(815301076,1909f56bfc062723c751e8b465ee728b)
Start importing Assets/Enemy.prefab using Guid(4f746ec8dfc9ae949add0726daa5a370) Importer(815301076,1909f56bfc062723c751e8b465ee728b)  -> (artifact id: 'a66125f770f5ad1f203e8beb4e6b8f50') in 0.012907 seconds
  Import took 0.029103 seconds .

========================================================================
Received Prepare
Registering precompiled user dll's ...
Registered in 0.001003 seconds.
Begin MonoManager ReloadAssembly
Native extension for WindowsStandalone target not found
Native extension for WebGL target not found
Refreshing native plugins compatible for Editor in 0.36 ms, found 1 plugins.
Preloading 0 native plugins for Editor in 0.00 ms.
Mono: successfully reloaded assembly
- Completed reload, in  0.898 seconds
Platform modules already initialized, skipping
Refreshing native plugins compatible for Editor in 0.34 ms, found 1 plugins.
Preloading 0 native plugins for Editor in 0.00 ms.
Unloading 1808 Unused Serialized files (Serialized files now loaded: 0)
System memory in use before: 88.3 MB.
System memory in use after: 88.3 MB.

Unloading 12 unused Assets to reduce memory usage. Loaded Objects now: 2287.
Total: 2.099700 ms (FindLiveObjects: 0.207100 ms CreateObjectMapping: 0.043800 ms MarkObjects: 1.733200 ms  DeleteObjects: 0.114400 ms)

========================================================================
Received Prepare
Registering precompiled user dll's ...
Registered in 0.001101 seconds.
Begin MonoManager ReloadAssembly
Native extension for WindowsStandalone target not found
Native extension for WebGL target not found
Refreshing native plugins compatible for Editor in 0.39 ms, found 1 plugins.
Preloading 0 native plugins for Editor in 0.00 ms.
Mono: successfully reloaded assembly
- Completed reload, in  0.923 seconds
Platform modules already initialized, skipping
Refreshing native plugins compatible for Editor in 0.34 ms, found 1 plugins.
Preloading 0 native plugins for Editor in 0.00 ms.
Unloading 1808 Unused Serialized files (Serialized files now loaded: 0)
System memory in use before: 88.3 MB.
System memory in use after: 88.3 MB.

Unloading 12 unused Assets to reduce memory usage. Loaded Objects now: 2291.
Total: 2.175600 ms (FindLiveObjects: 0.315100 ms CreateObjectMapping: 0.092700 ms MarkObjects: 1.646500 ms  DeleteObjects: 0.120400 ms)

========================================================================
Received Import Request.
  Time since last request: 33.112290 seconds.
  path: Assets/Enemy.prefab
  artifactKey: Guid(4f746ec8dfc9ae949add0726daa5a370) Importer(815301076,1909f56bfc062723c751e8b465ee728b)
Start importing Assets/Enemy.prefab using Guid(4f746ec8dfc9ae949add0726daa5a370) Importer(815301076,1909f56bfc062723c751e8b465ee728b)  -> (artifact id: 'e579d720aca08d5276f8cd3046673419') in 0.056154 seconds
  Import took 0.059381 seconds .

========================================================================
Received Prepare
Registering precompiled user dll's ...
Registered in 0.000978 seconds.
Begin MonoManager ReloadAssembly
Native extension for WindowsStandalone target not found
Native extension for WebGL target not found
Refreshing native plugins compatible for Editor in 0.39 ms, found 1 plugins.
Preloading 0 native plugins for Editor in 0.00 ms.
Mono: successfully reloaded assembly
- Completed reload, in  0.927 seconds
Platform modules already initialized, skipping
Refreshing native plugins compatible for Editor in 0.51 ms, found 1 plugins.
Preloading 0 native plugins for Editor in 0.00 ms.
Unloading 1808 Unused Serialized files (Serialized files now loaded: 0)
System memory in use before: 88.3 MB.
System memory in use after: 88.3 MB.

Unloading 12 unused Assets to reduce memory usage. Loaded Objects now: 2296.
Total: 2.445600 ms (FindLiveObjects: 0.207000 ms CreateObjectMapping: 0.045400 ms MarkObjects: 2.064800 ms  DeleteObjects: 0.127100 ms)

========================================================================
Received Import Request.
  Time since last request: 11.444830 seconds.
  path: Assets/Enemy.prefab
  artifactKey: Guid(4f746ec8dfc9ae949add0726daa5a370) Importer(815301076,1909f56bfc062723c751e8b465ee728b)
Start importing Assets/Enemy.prefab using Guid(4f746ec8dfc9ae949add0726daa5a370) Importer(815301076,1909f56bfc062723c751e8b465ee728b)  -> (artifact id: '2fe59d03289b8c72c17e2c3b391145ad') in 0.057425 seconds
  Import took 0.060618 seconds .

========================================================================
Received Prepare
Registering precompiled user dll's ...
Registered in 0.001073 seconds.
Begin MonoManager ReloadAssembly
Native extension for WindowsStandalone target not found
Native extension for WebGL target not found
Refreshing native plugins compatible for Editor in 0.40 ms, found 1 plugins.
Preloading 0 native plugins for Editor in 0.00 ms.
Mono: successfully reloaded assembly
- Completed reload, in  0.911 seconds
Platform modules already initialized, skipping
Refreshing native plugins compatible for Editor in 0.43 ms, found 1 plugins.
Preloading 0 native plugins for Editor in 0.00 ms.
Unloading 1808 Unused Serialized files (Serialized files now loaded: 0)
System memory in use before: 88.3 MB.
System memory in use after: 88.3 MB.

Unloading 12 unused Assets to reduce memory usage. Loaded Objects now: 2301.
Total: 2.016300 ms (FindLiveObjects: 0.192300 ms CreateObjectMapping: 0.043900 ms MarkObjects: 1.662000 ms  DeleteObjects: 0.116800 ms)

========================================================================
Received Import Request.
  Time since last request: 13.417298 seconds.
  path: Assets/Enemy.prefab
  artifactKey: Guid(4f746ec8dfc9ae949add0726daa5a370) Importer(815301076,1909f56bfc062723c751e8b465ee728b)
Start importing Assets/Enemy.prefab using Guid(4f746ec8dfc9ae949add0726daa5a370) Importer(815301076,1909f56bfc062723c751e8b465ee728b)  -> (artifact id: 'c55e591951006bb1cd4056a20954b4f9') in 0.057039 seconds
  Import took 0.060198 seconds .

========================================================================
Received Import Request.
  Time since last request: 27.055239 seconds.
  path: Assets/Enemy.prefab
  artifactKey: Guid(4f746ec8dfc9ae949add0726daa5a370) Importer(815301076,1909f56bfc062723c751e8b465ee728b)
Start importing Assets/Enemy.prefab using Guid(4f746ec8dfc9ae949add0726daa5a370) Importer(815301076,1909f56bfc062723c751e8b465ee728b)  -> (artifact id: '1539e1f19ce112990f4e4938726826eb') in 0.010120 seconds
  Import took 0.013241 seconds .

========================================================================
Received Import Request.
  Time since last request: 7.139977 seconds.
  path: Assets/Collisions.cs
  artifactKey: Guid(574e20e28e7eb8140958d11f79f309c1) Importer(815301076,1909f56bfc062723c751e8b465ee728b)
Start importing Assets/Collisions.cs using Guid(574e20e28e7eb8140958d11f79f309c1) Importer(815301076,1909f56bfc062723c751e8b465ee728b)  -> (artifact id: '226140022031a48f898526e6497c7eba') in 0.008953 seconds
  Import took 0.012000 seconds .

========================================================================
Received Import Request.
  Time since last request: 0.001958 seconds.
  path: Assets/Collisions.cs
  artifactKey: Guid(574e20e28e7eb8140958d11f79f309c1) Importer(815301076,1909f56bfc062723c751e8b465ee728b)
Start importing Assets/Collisions.cs using Guid(574e20e28e7eb8140958d11f79f309c1) Importer(815301076,1909f56bfc062723c751e8b465ee728b)  -> (artifact id: '226140022031a48f898526e6497c7eba') in 0.002203 seconds
  Import took 0.004969 seconds .

========================================================================
Received Import Request.
  Time since last request: 104.585821 seconds.
  path: ProjectSettings/TagManager.asset
  artifactKey: Guid(00000000000000003000000000000000) Importer(815301076,1909f56bfc062723c751e8b465ee728b)
Start importing ProjectSettings/TagManager.asset using Guid(00000000000000003000000000000000) Importer(815301076,1909f56bfc062723c751e8b465ee728b)  -> (artifact id: '72d48f72ae28550ed1bec506adee3b47') in 0.009791 seconds
  Import took 0.013027 seconds .

========================================================================
Received Prepare
Registering precompiled user dll's ...
Registered in 0.023679 seconds.
Begin MonoManager ReloadAssembly
Native extension for WindowsStandalone target not found
Native extension for WebGL target not found
Refreshing native plugins compatible for Editor in 0.34 ms, found 1 plugins.
Preloading 0 native plugins for Editor in 0.00 ms.
Mono: successfully reloaded assembly
- Completed reload, in  2.452 seconds
Platform modules already initialized, skipping
Refreshing native plugins compatible for Editor in 0.34 ms, found 1 plugins.
Preloading 0 native plugins for Editor in 0.00 ms.
Unloading 1808 Unused Serialized files (Serialized files now loaded: 0)
System memory in use before: 88.4 MB.
System memory in use after: 88.3 MB.

Unloading 13 unused Assets to reduce memory usage. Loaded Objects now: 2306.
Total: 2.005300 ms (FindLiveObjects: 0.194000 ms CreateObjectMapping: 0.044000 ms MarkObjects: 1.651300 ms  DeleteObjects: 0.115200 ms)

========================================================================
Received Import Request.
  Time since last request: 70.086327 seconds.
  path: Assets/Arrow.prefab
  artifactKey: Guid(7dee02dc4a578ad4287f6b90e863c3ed) Importer(815301076,1909f56bfc062723c751e8b465ee728b)
Start importing Assets/Arrow.prefab using Guid(7dee02dc4a578ad4287f6b90e863c3ed) Importer(815301076,1909f56bfc062723c751e8b465ee728b)  -> (artifact id: 'a29573f7c9e8cfc0ce802e277d977352') in 0.082973 seconds
  Import took 0.086012 seconds .

========================================================================
Received Import Request.
  Time since last request: 0.000178 seconds.
  path: Assets/Enemy.prefab
  artifactKey: Guid(4f746ec8dfc9ae949add0726daa5a370) Importer(815301076,1909f56bfc062723c751e8b465ee728b)
Start importing Assets/Enemy.prefab using Guid(4f746ec8dfc9ae949add0726daa5a370) Importer(815301076,1909f56bfc062723c751e8b465ee728b)  -> (artifact id: '9624c7ef45bce5df70d6200a7e5533c4') in 0.032983 seconds
  Import took 0.035823 seconds .

========================================================================
Received Import Request.
  Time since last request: 0.043888 seconds.
  path: Assets/Arrow.prefab
  artifactKey: Guid(7dee02dc4a578ad4287f6b90e863c3ed) Importer(815301076,1909f56bfc062723c751e8b465ee728b)
Start importing Assets/Arrow.prefab using Guid(7dee02dc4a578ad4287f6b90e863c3ed) Importer(815301076,1909f56bfc062723c751e8b465ee728b)  -> (artifact id: 'a29573f7c9e8cfc0ce802e277d977352') in 0.016392 seconds
  Import took 0.019319 seconds .

========================================================================
Received Prepare
Registering precompiled user dll's ...
Registered in 0.001021 seconds.
Begin MonoManager ReloadAssembly
Native extension for WindowsStandalone target not found
Native extension for WebGL target not found
Refreshing native plugins compatible for Editor in 0.35 ms, found 1 plugins.
Preloading 0 native plugins for Editor in 0.00 ms.
Mono: successfully reloaded assembly
- Completed reload, in  1.655 seconds
Platform modules already initialized, skipping
Refreshing native plugins compatible for Editor in 0.37 ms, found 1 plugins.
Preloading 0 native plugins for Editor in 0.00 ms.
Unloading 1808 Unused Serialized files (Serialized files now loaded: 0)
System memory in use before: 88.4 MB.
System memory in use after: 88.4 MB.

Unloading 12 unused Assets to reduce memory usage. Loaded Objects now: 2311.
Total: 1.954500 ms (FindLiveObjects: 0.177500 ms CreateObjectMapping: 0.041700 ms MarkObjects: 1.621800 ms  DeleteObjects: 0.112400 ms)

========================================================================
Received Import Request.
  Time since last request: 49.144978 seconds.
  path: Assets/Arrow.prefab
  artifactKey: Guid(7dee02dc4a578ad4287f6b90e863c3ed) Importer(815301076,1909f56bfc062723c751e8b465ee728b)
Start importing Assets/Arrow.prefab using Guid(7dee02dc4a578ad4287f6b90e863c3ed) Importer(815301076,1909f56bfc062723c751e8b465ee728b)  -> (artifact id: 'a8ad1ff67a58a9f36f7c3644d68bed87') in 0.072342 seconds
  Import took 0.075386 seconds .

========================================================================
Received Import Request.
  Time since last request: 0.085126 seconds.
  path: Assets/Arrow.prefab
  artifactKey: Guid(7dee02dc4a578ad4287f6b90e863c3ed) Importer(815301076,1909f56bfc062723c751e8b465ee728b)
Start importing Assets/Arrow.prefab using Guid(7dee02dc4a578ad4287f6b90e863c3ed) Importer(815301076,1909f56bfc062723c751e8b465ee728b)  -> (artifact id: 'a8ad1ff67a58a9f36f7c3644d68bed87') in 0.015687 seconds
  Import took 0.018606 seconds .

========================================================================
Received Prepare
Registering precompiled user dll's ...
Registered in 0.040965 seconds.
Begin MonoManager ReloadAssembly
Native extension for WindowsStandalone target not found
Native extension for WebGL target not found
Refreshing native plugins compatible for Editor in 0.34 ms, found 1 plugins.
Preloading 0 native plugins for Editor in 0.00 ms.
Mono: successfully reloaded assembly
- Completed reload, in  0.865 seconds
Platform modules already initialized, skipping
Refreshing native plugins compatible for Editor in 0.34 ms, found 1 plugins.
Preloading 0 native plugins for Editor in 0.00 ms.
Unloading 1808 Unused Serialized files (Serialized files now loaded: 0)
System memory in use before: 88.4 MB.
System memory in use after: 88.4 MB.

Unloading 12 unused Assets to reduce memory usage. Loaded Objects now: 2316.
Total: 1.915200 ms (FindLiveObjects: 0.171200 ms CreateObjectMapping: 0.043800 ms MarkObjects: 1.593800 ms  DeleteObjects: 0.105700 ms)

========================================================================
Received Prepare
Registering precompiled user dll's ...
Registered in 0.001056 seconds.
Begin MonoManager ReloadAssembly
Native extension for WindowsStandalone target not found
Native extension for WebGL target not found
Refreshing native plugins compatible for Editor in 0.34 ms, found 1 plugins.
Preloading 0 native plugins for Editor in 0.00 ms.
Mono: successfully reloaded assembly
- Completed reload, in  0.890 seconds
Platform modules already initialized, skipping
Refreshing native plugins compatible for Editor in 0.36 ms, found 1 plugins.
Preloading 0 native plugins for Editor in 0.00 ms.
Unloading 1808 Unused Serialized files (Serialized files now loaded: 0)
System memory in use before: 88.4 MB.
System memory in use after: 88.4 MB.

Unloading 12 unused Assets to reduce memory usage. Loaded Objects now: 2320.
Total: 2.295300 ms (FindLiveObjects: 0.405700 ms CreateObjectMapping: 0.079600 ms MarkObjects: 1.685700 ms  DeleteObjects: 0.123100 ms)

========================================================================
Received Import Request.
  Time since last request: 248.799299 seconds.
  path: Assets/Arrow.cs
  artifactKey: Guid(ca0970675ca8fb74695dae0fbbee4dd0) Importer(815301076,1909f56bfc062723c751e8b465ee728b)
Start importing Assets/Arrow.cs using Guid(ca0970675ca8fb74695dae0fbbee4dd0) Importer(815301076,1909f56bfc062723c751e8b465ee728b)  -> (artifact id: '8aaee240e0f2ec7e5a2716b41183a6ef') in 0.005257 seconds
  Import took 0.008284 seconds .

========================================================================
Received Import Request.
  Time since last request: 11.597579 seconds.
  path: Assets/Enemy.prefab
  artifactKey: Guid(4f746ec8dfc9ae949add0726daa5a370) Importer(815301076,1909f56bfc062723c751e8b465ee728b)
Start importing Assets/Enemy.prefab using Guid(4f746ec8dfc9ae949add0726daa5a370) Importer(815301076,1909f56bfc062723c751e8b465ee728b)  -> (artifact id: '045365761d70b9ecbca8f73f63ff1260') in 0.060798 seconds
  Import took 0.063826 seconds .

========================================================================
Received Import Request.
  Time since last request: 2.443620 seconds.
  path: Assets/Enemy.prefab
  artifactKey: Guid(4f746ec8dfc9ae949add0726daa5a370) Importer(815301076,1909f56bfc062723c751e8b465ee728b)
Start importing Assets/Enemy.prefab using Guid(4f746ec8dfc9ae949add0726daa5a370) Importer(815301076,1909f56bfc062723c751e8b465ee728b)  -> (artifact id: '6e41827720418d53a695973ab37239ad') in 0.013169 seconds
  Import took 0.016273 seconds .

========================================================================
Received Prepare
Registering precompiled user dll's ...
Registered in 0.001032 seconds.
Begin MonoManager ReloadAssembly
Native extension for WindowsStandalone target not found
Native extension for WebGL target not found
Refreshing native plugins compatible for Editor in 0.35 ms, found 1 plugins.
Preloading 0 native plugins for Editor in 0.00 ms.
Mono: successfully reloaded assembly
- Completed reload, in  0.883 seconds
Platform modules already initialized, skipping
Refreshing native plugins compatible for Editor in 0.35 ms, found 1 plugins.
Preloading 0 native plugins for Editor in 0.00 ms.
Unloading 1808 Unused Serialized files (Serialized files now loaded: 0)
System memory in use before: 88.4 MB.
System memory in use after: 88.4 MB.

Unloading 12 unused Assets to reduce memory usage. Loaded Objects now: 2325.
Total: 2.048000 ms (FindLiveObjects: 0.186100 ms CreateObjectMapping: 0.041700 ms MarkObjects: 1.708900 ms  DeleteObjects: 0.110300 ms)

========================================================================
Received Import Request.
  Time since last request: 87.341007 seconds.
  path: Assets/Enemy.prefab
  artifactKey: Guid(4f746ec8dfc9ae949add0726daa5a370) Importer(815301076,1909f56bfc062723c751e8b465ee728b)
Start importing Assets/Enemy.prefab using Guid(4f746ec8dfc9ae949add0726daa5a370) Importer(815301076,1909f56bfc062723c751e8b465ee728b)  -> (artifact id: 'fc8a268a7394d41086a921e6285ccdc8') in 0.057035 seconds
  Import took 0.085422 seconds .

========================================================================
Received Import Request.
  Time since last request: 1.185354 seconds.
  path: Assets/Enemy.prefab
  artifactKey: Guid(4f746ec8dfc9ae949add0726daa5a370) Importer(815301076,1909f56bfc062723c751e8b465ee728b)
Start importing Assets/Enemy.prefab using Guid(4f746ec8dfc9ae949add0726daa5a370) Importer(815301076,1909f56bfc062723c751e8b465ee728b)  -> (artifact id: '9ced4eb85bc7f9c58c309ffc12b55367') in 0.009264 seconds
  Import took 0.012367 seconds .

========================================================================
Received Import Request.
  Time since last request: 6.855910 seconds.
  path: Assets/Enemy.prefab
  artifactKey: Guid(4f746ec8dfc9ae949add0726daa5a370) Importer(815301076,1909f56bfc062723c751e8b465ee728b)
Start importing Assets/Enemy.prefab using Guid(4f746ec8dfc9ae949add0726daa5a370) Importer(815301076,1909f56bfc062723c751e8b465ee728b)  -> (artifact id: 'dd9b9842cccb938547c0a1852084bbb3') in 0.010214 seconds
  Import took 0.013266 seconds .

========================================================================
Received Prepare
Registering precompiled user dll's ...
Registered in 0.001101 seconds.
Begin MonoManager ReloadAssembly
Native extension for WindowsStandalone target not found
Native extension for WebGL target not found
Refreshing native plugins compatible for Editor in 0.38 ms, found 1 plugins.
Preloading 0 native plugins for Editor in 0.00 ms.
Mono: successfully reloaded assembly
- Completed reload, in  0.947 seconds
Platform modules already initialized, skipping
Refreshing native plugins compatible for Editor in 0.38 ms, found 1 plugins.
Preloading 0 native plugins for Editor in 0.00 ms.
Unloading 1808 Unused Serialized files (Serialized files now loaded: 0)
System memory in use before: 88.4 MB.
System memory in use after: 88.4 MB.

Unloading 12 unused Assets to reduce memory usage. Loaded Objects now: 2330.
Total: 2.335200 ms (FindLiveObjects: 0.192700 ms CreateObjectMapping: 0.043500 ms MarkObjects: 1.976100 ms  DeleteObjects: 0.121600 ms)

========================================================================
Received Import Request.
  Time since last request: 252.994956 seconds.
  path: Assets/Bow.cs
  artifactKey: Guid(21436b5bdedcd8d4d9ac7e6fb4f66647) Importer(815301076,1909f56bfc062723c751e8b465ee728b)
Start importing Assets/Bow.cs using Guid(21436b5bdedcd8d4d9ac7e6fb4f66647) Importer(815301076,1909f56bfc062723c751e8b465ee728b)  -> (artifact id: '00d5295320e5706a3b3a14991c52ba9d') in 0.009621 seconds
  Import took 0.012824 seconds .

========================================================================
Received Prepare
Registering precompiled user dll's ...
Registered in 0.000993 seconds.
Begin MonoManager ReloadAssembly
Native extension for WindowsStandalone target not found
Native extension for WebGL target not found
Refreshing native plugins compatible for Editor in 0.35 ms, found 1 plugins.
Preloading 0 native plugins for Editor in 0.00 ms.
Mono: successfully reloaded assembly
- Completed reload, in  0.890 seconds
Platform modules already initialized, skipping
Refreshing native plugins compatible for Editor in 0.34 ms, found 1 plugins.
Preloading 0 native plugins for Editor in 0.00 ms.
Unloading 1808 Unused Serialized files (Serialized files now loaded: 0)
System memory in use before: 88.4 MB.
System memory in use after: 88.4 MB.

Unloading 12 unused Assets to reduce memory usage. Loaded Objects now: 2334.
Total: 1.984800 ms (FindLiveObjects: 0.199600 ms CreateObjectMapping: 0.043800 ms MarkObjects: 1.628500 ms  DeleteObjects: 0.112000 ms)

========================================================================
Received Prepare
Registering precompiled user dll's ...
Registered in 0.001044 seconds.
Begin MonoManager ReloadAssembly
Native extension for WindowsStandalone target not found
Native extension for WebGL target not found
Refreshing native plugins compatible for Editor in 0.60 ms, found 1 plugins.
Preloading 0 native plugins for Editor in 0.00 ms.
Mono: successfully reloaded assembly
- Completed reload, in  0.949 seconds
Platform modules already initialized, skipping
Refreshing native plugins compatible for Editor in 0.34 ms, found 1 plugins.
Preloading 0 native plugins for Editor in 0.00 ms.
Unloading 1808 Unused Serialized files (Serialized files now loaded: 0)
System memory in use before: 88.4 MB.
System memory in use after: 88.4 MB.

Unloading 12 unused Assets to reduce memory usage. Loaded Objects now: 2338.
Total: 2.003600 ms (FindLiveObjects: 0.204300 ms CreateObjectMapping: 0.044200 ms MarkObjects: 1.642900 ms  DeleteObjects: 0.111200 ms)

========================================================================
Received Import Request.
  Time since last request: 249.285870 seconds.
  path: Assets/kisspng-pixel-art-drawing-clip-art-pixels-5aeac7b0080b23.434979341525335984033.jpg
  artifactKey: Guid(30f526f075db1694abb7c79869521c1a) Importer(815301076,1909f56bfc062723c751e8b465ee728b)
Start importing Assets/kisspng-pixel-art-drawing-clip-art-pixels-5aeac7b0080b23.434979341525335984033.jpg using Guid(30f526f075db1694abb7c79869521c1a) Importer(815301076,1909f56bfc062723c751e8b465ee728b)  -> (artifact id: '0a833d2fc938caad2dc4956f843102b6') in 0.067120 seconds
  Import took 0.070338 seconds .

========================================================================
Received Import Request.
  Time since last request: 111.469577 seconds.
  path: Assets/76cc00e3681f38ed4956be2394cccd38-reloj-de-pared-plano-de-oficina.png
  artifactKey: Guid(ed3fb53867c00c54594d81eccb5e5b86) Importer(815301076,1909f56bfc062723c751e8b465ee728b)
Start importing Assets/76cc00e3681f38ed4956be2394cccd38-reloj-de-pared-plano-de-oficina.png using Guid(ed3fb53867c00c54594d81eccb5e5b86) Importer(815301076,1909f56bfc062723c751e8b465ee728b)  -> (artifact id: 'b0296b6e6de3df5a89c0a76cf80718c7') in 0.019212 seconds
  Import took 0.022238 seconds .

========================================================================
Received Import Request.
  Time since last request: 0.003815 seconds.
  path: Assets/76cc00e3681f38ed4956be2394cccd38-reloj-de-pared-plano-de-oficina.png
  artifactKey: Guid(ed3fb53867c00c54594d81eccb5e5b86) Importer(815301076,1909f56bfc062723c751e8b465ee728b)
Start importing Assets/76cc00e3681f38ed4956be2394cccd38-reloj-de-pared-plano-de-oficina.png using Guid(ed3fb53867c00c54594d81eccb5e5b86) Importer(815301076,1909f56bfc062723c751e8b465ee728b)  -> (artifact id: 'b0296b6e6de3df5a89c0a76cf80718c7') in 0.012631 seconds
  Import took 0.015387 seconds .

========================================================================
Received Import Request.
  Time since last request: 19.664574 seconds.
  path: Assets/Tiempo.cs
  artifactKey: Guid(5eb073eff20b34a4dbfd0a656fa6a82e) Importer(815301076,1909f56bfc062723c751e8b465ee728b)
Start importing Assets/Tiempo.cs using Guid(5eb073eff20b34a4dbfd0a656fa6a82e) Importer(815301076,1909f56bfc062723c751e8b465ee728b)  -> (artifact id: '26f4d90c2f2a84837e8e232abfc8a9bb') in 0.040938 seconds
  Import took 0.043942 seconds .

========================================================================
Received Prepare
Registering precompiled user dll's ...
Registered in 0.001006 seconds.
Begin MonoManager ReloadAssembly
Native extension for WindowsStandalone target not found
Native extension for WebGL target not found
Refreshing native plugins compatible for Editor in 0.51 ms, found 1 plugins.
Preloading 0 native plugins for Editor in 0.00 ms.
Mono: successfully reloaded assembly
- Completed reload, in  0.904 seconds
Platform modules already initialized, skipping
Refreshing native plugins compatible for Editor in 0.34 ms, found 1 plugins.
Preloading 0 native plugins for Editor in 0.00 ms.
Unloading 1809 Unused Serialized files (Serialized files now loaded: 0)
System memory in use before: 88.5 MB.
System memory in use after: 88.5 MB.

Unloading 12 unused Assets to reduce memory usage. Loaded Objects now: 2348.
Total: 2.849100 ms (FindLiveObjects: 0.351300 ms CreateObjectMapping: 0.066600 ms MarkObjects: 2.301600 ms  DeleteObjects: 0.127700 ms)

========================================================================
Received Import Request.
  Time since last request: 70.130075 seconds.
  path: Assets/Scenes/Game Over.unity
  artifactKey: Guid(f757c57db7bdf2846b64f4055484601b) Importer(815301076,1909f56bfc062723c751e8b465ee728b)
Start importing Assets/Scenes/Game Over.unity using Guid(f757c57db7bdf2846b64f4055484601b) Importer(815301076,1909f56bfc062723c751e8b465ee728b)  -> (artifact id: '8a937d67f77a41bc4f0d77ad9fe69e36') in 0.016952 seconds
  Import took 0.020025 seconds .

========================================================================
Received Import Request.
  Time since last request: 1.021402 seconds.
  path: Assets/Scenes/SampleScene.unity
  artifactKey: Guid(2cda990e2423bbf4892e6590ba056729) Importer(815301076,1909f56bfc062723c751e8b465ee728b)
Start importing Assets/Scenes/SampleScene.unity using Guid(2cda990e2423bbf4892e6590ba056729) Importer(815301076,1909f56bfc062723c751e8b465ee728b)  -> (artifact id: 'e1a6a8d644c49cac3baeaf84f75d5d93') in 0.006980 seconds
  Import took 0.009871 seconds .

========================================================================
Received Import Request.
  Time since last request: 43.421262 seconds.
  path: Assets/Reloj.png
  artifactKey: Guid(ed3fb53867c00c54594d81eccb5e5b86) Importer(815301076,1909f56bfc062723c751e8b465ee728b)
Start importing Assets/Reloj.png using Guid(ed3fb53867c00c54594d81eccb5e5b86) Importer(815301076,1909f56bfc062723c751e8b465ee728b)  -> (artifact id: '1737548c8940a5d469c01f1986625127') in 0.047732 seconds
  Import took 0.050654 seconds .

========================================================================
Received Prepare
Registering precompiled user dll's ...
Registered in 0.000968 seconds.
Begin MonoManager ReloadAssembly
Native extension for WindowsStandalone target not found
Native extension for WebGL target not found
Refreshing native plugins compatible for Editor in 0.36 ms, found 1 plugins.
Preloading 0 native plugins for Editor in 0.00 ms.
Mono: successfully reloaded assembly
- Completed reload, in  0.879 seconds
Platform modules already initialized, skipping
Refreshing native plugins compatible for Editor in 0.35 ms, found 1 plugins.
Preloading 0 native plugins for Editor in 0.00 ms.
Unloading 1809 Unused Serialized files (Serialized files now loaded: 0)
System memory in use before: 88.5 MB.
System memory in use after: 88.5 MB.

Unloading 12 unused Assets to reduce memory usage. Loaded Objects now: 2353.
Total: 2.008600 ms (FindLiveObjects: 0.196400 ms CreateObjectMapping: 0.043800 ms MarkObjects: 1.654800 ms  DeleteObjects: 0.112800 ms)

========================================================================
Received Prepare
Registering precompiled user dll's ...
Registered in 0.001140 seconds.
Begin MonoManager ReloadAssembly
Native extension for WindowsStandalone target not found
Native extension for WebGL target not found
Refreshing native plugins compatible for Editor in 0.34 ms, found 1 plugins.
Preloading 0 native plugins for Editor in 0.00 ms.
Mono: successfully reloaded assembly
- Completed reload, in  0.885 seconds
Platform modules already initialized, skipping
Refreshing native plugins compatible for Editor in 0.34 ms, found 1 plugins.
Preloading 0 native plugins for Editor in 0.00 ms.
Unloading 1809 Unused Serialized files (Serialized files now loaded: 0)
System memory in use before: 88.5 MB.
System memory in use after: 88.5 MB.

Unloading 12 unused Assets to reduce memory usage. Loaded Objects now: 2357.
Total: 2.296700 ms (FindLiveObjects: 0.346100 ms CreateObjectMapping: 0.096300 ms MarkObjects: 1.730300 ms  DeleteObjects: 0.122800 ms)

========================================================================
Received Prepare
Registering precompiled user dll's ...
Registered in 0.000999 seconds.
Begin MonoManager ReloadAssembly
Native extension for WindowsStandalone target not found
Native extension for WebGL target not found
Refreshing native plugins compatible for Editor in 0.34 ms, found 1 plugins.
Preloading 0 native plugins for Editor in 0.00 ms.
Mono: successfully reloaded assembly
- Completed reload, in  0.883 seconds
Platform modules already initialized, skipping
Refreshing native plugins compatible for Editor in 0.39 ms, found 1 plugins.
Preloading 0 native plugins for Editor in 0.00 ms.
Unloading 1809 Unused Serialized files (Serialized files now loaded: 0)
System memory in use before: 88.5 MB.
System memory in use after: 88.5 MB.

Unloading 12 unused Assets to reduce memory usage. Loaded Objects now: 2361.
Total: 1.935400 ms (FindLiveObjects: 0.182500 ms CreateObjectMapping: 0.043700 ms MarkObjects: 1.599800 ms  DeleteObjects: 0.108300 ms)

========================================================================
Received Import Request.
  Time since last request: 220.009080 seconds.
  path: Assets/Scenes/SampleScene.unity
  artifactKey: Guid(2cda990e2423bbf4892e6590ba056729) Importer(815301076,1909f56bfc062723c751e8b465ee728b)
Start importing Assets/Scenes/SampleScene.unity using Guid(2cda990e2423bbf4892e6590ba056729) Importer(815301076,1909f56bfc062723c751e8b465ee728b)  -> (artifact id: 'd186819804edfb5f6660582eb03ede81') in 0.012783 seconds
  Import took 0.034183 seconds .

========================================================================
Received Prepare
Registering precompiled user dll's ...
Registered in 0.001038 seconds.
Begin MonoManager ReloadAssembly
Native extension for WindowsStandalone target not found
Native extension for WebGL target not found
Refreshing native plugins compatible for Editor in 0.62 ms, found 1 plugins.
Preloading 0 native plugins for Editor in 0.00 ms.
Mono: successfully reloaded assembly
- Completed reload, in  0.913 seconds
Platform modules already initialized, skipping
Refreshing native plugins compatible for Editor in 0.34 ms, found 1 plugins.
Preloading 0 native plugins for Editor in 0.00 ms.
Unloading 1809 Unused Serialized files (Serialized files now loaded: 0)
System memory in use before: 88.6 MB.
System memory in use after: 88.5 MB.

Unloading 12 unused Assets to reduce memory usage. Loaded Objects now: 2365.
Total: 1.946900 ms (FindLiveObjects: 0.188700 ms CreateObjectMapping: 0.043000 ms MarkObjects: 1.602900 ms  DeleteObjects: 0.111400 ms)

========================================================================
Received Prepare
Registering precompiled user dll's ...
Registered in 0.001020 seconds.
Begin MonoManager ReloadAssembly
Native extension for WindowsStandalone target not found
Native extension for WebGL target not found
Refreshing native plugins compatible for Editor in 0.37 ms, found 1 plugins.
Preloading 0 native plugins for Editor in 0.00 ms.
Mono: successfully reloaded assembly
- Completed reload, in  0.902 seconds
Platform modules already initialized, skipping
Refreshing native plugins compatible for Editor in 0.34 ms, found 1 plugins.
Preloading 0 native plugins for Editor in 0.00 ms.
Unloading 1809 Unused Serialized files (Serialized files now loaded: 0)
System memory in use before: 88.6 MB.
System memory in use after: 88.5 MB.

Unloading 12 unused Assets to reduce memory usage. Loaded Objects now: 2369.
Total: 2.262400 ms (FindLiveObjects: 0.224900 ms CreateObjectMapping: 0.042900 ms MarkObjects: 1.868200 ms  DeleteObjects: 0.125300 ms)

========================================================================
Received Prepare
Registering precompiled user dll's ...
Registered in 0.000987 seconds.
Begin MonoManager ReloadAssembly
Native extension for WindowsStandalone target not found
Native extension for WebGL target not found
Refreshing native plugins compatible for Editor in 0.34 ms, found 1 plugins.
Preloading 0 native plugins for Editor in 0.00 ms.
Mono: successfully reloaded assembly
- Completed reload, in  0.910 seconds
Platform modules already initialized, skipping
Refreshing native plugins compatible for Editor in 0.35 ms, found 1 plugins.
Preloading 0 native plugins for Editor in 0.00 ms.
Unloading 1809 Unused Serialized files (Serialized files now loaded: 0)
System memory in use before: 88.6 MB.
System memory in use after: 88.5 MB.

Unloading 12 unused Assets to reduce memory usage. Loaded Objects now: 2373.
Total: 1.989900 ms (FindLiveObjects: 0.196600 ms CreateObjectMapping: 0.042600 ms MarkObjects: 1.627900 ms  DeleteObjects: 0.121800 ms)

========================================================================
Received Import Request.
  Time since last request: 187.701312 seconds.
  path: Assets/Enemy.prefab
  artifactKey: Guid(4f746ec8dfc9ae949add0726daa5a370) Importer(815301076,1909f56bfc062723c751e8b465ee728b)
Start importing Assets/Enemy.prefab using Guid(4f746ec8dfc9ae949add0726daa5a370) Importer(815301076,1909f56bfc062723c751e8b465ee728b)  -> (artifact id: 'ce8825be782360f2c6f94204f8abb18f') in 0.059611 seconds
  Import took 0.063010 seconds .

========================================================================
Received Prepare
Registering precompiled user dll's ...
Registered in 0.001025 seconds.
Begin MonoManager ReloadAssembly
Native extension for WindowsStandalone target not found
Native extension for WebGL target not found
Refreshing native plugins compatible for Editor in 0.36 ms, found 1 plugins.
Preloading 0 native plugins for Editor in 0.00 ms.
Mono: successfully reloaded assembly
- Completed reload, in  0.895 seconds
Platform modules already initialized, skipping
Refreshing native plugins compatible for Editor in 0.35 ms, found 1 plugins.
Preloading 0 native plugins for Editor in 0.00 ms.
Unloading 1809 Unused Serialized files (Serialized files now loaded: 0)
System memory in use before: 88.6 MB.
System memory in use after: 88.6 MB.

Unloading 12 unused Assets to reduce memory usage. Loaded Objects now: 2378.
Total: 2.013100 ms (FindLiveObjects: 0.189900 ms CreateObjectMapping: 0.044000 ms MarkObjects: 1.657100 ms  DeleteObjects: 0.121100 ms)

========================================================================
Received Import Request.
  Time since last request: 168.480118 seconds.
  path: Assets/Enemy.prefab
  artifactKey: Guid(4f746ec8dfc9ae949add0726daa5a370) Importer(815301076,1909f56bfc062723c751e8b465ee728b)
Start importing Assets/Enemy.prefab using Guid(4f746ec8dfc9ae949add0726daa5a370) Importer(815301076,1909f56bfc062723c751e8b465ee728b)  -> (artifact id: '22cdc5b911efe40580d2a27895df0fd2') in 0.058210 seconds
  Import took 0.061412 seconds .

========================================================================
Received Import Request.
  Time since last request: 25.931610 seconds.
  path: Assets/Enemy.prefab
  artifactKey: Guid(4f746ec8dfc9ae949add0726daa5a370) Importer(815301076,1909f56bfc062723c751e8b465ee728b)
Start importing Assets/Enemy.prefab using Guid(4f746ec8dfc9ae949add0726daa5a370) Importer(815301076,1909f56bfc062723c751e8b465ee728b)  -> (artifact id: '1eb8e5b073ca3acb05b021f8e16c4176') in 0.019451 seconds
  Import took 0.022511 seconds .

========================================================================
Received Import Request.
  Time since last request: 2.997387 seconds.
  path: Assets/Enemy.prefab
  artifactKey: Guid(4f746ec8dfc9ae949add0726daa5a370) Importer(815301076,1909f56bfc062723c751e8b465ee728b)
Start importing Assets/Enemy.prefab using Guid(4f746ec8dfc9ae949add0726daa5a370) Importer(815301076,1909f56bfc062723c751e8b465ee728b)  -> (artifact id: 'e233019f1cdf0459c99bea852745f3c0') in 0.012154 seconds
  Import took 0.015246 seconds .

========================================================================
Received Import Request.
  Time since last request: 2.808186 seconds.
  path: Assets/Enemy.prefab
  artifactKey: Guid(4f746ec8dfc9ae949add0726daa5a370) Importer(815301076,1909f56bfc062723c751e8b465ee728b)
Start importing Assets/Enemy.prefab using Guid(4f746ec8dfc9ae949add0726daa5a370) Importer(815301076,1909f56bfc062723c751e8b465ee728b)  -> (artifact id: '273aa537a76179bebac1641f8baaec1f') in 0.009135 seconds
  Import took 0.012351 seconds .

========================================================================
Received Import Request.
  Time since last request: 2.812719 seconds.
  path: Assets/Enemy.prefab
  artifactKey: Guid(4f746ec8dfc9ae949add0726daa5a370) Importer(815301076,1909f56bfc062723c751e8b465ee728b)
Start importing Assets/Enemy.prefab using Guid(4f746ec8dfc9ae949add0726daa5a370) Importer(815301076,1909f56bfc062723c751e8b465ee728b)  -> (artifact id: '92b52245fc88057c74d2068599aa6482') in 0.009959 seconds
  Import took 0.013076 seconds .

========================================================================
Received Import Request.
  Time since last request: 3.405227 seconds.
  path: Assets/Enemy.prefab
  artifactKey: Guid(4f746ec8dfc9ae949add0726daa5a370) Importer(815301076,1909f56bfc062723c751e8b465ee728b)
Start importing Assets/Enemy.prefab using Guid(4f746ec8dfc9ae949add0726daa5a370) Importer(815301076,1909f56bfc062723c751e8b465ee728b)  -> (artifact id: 'af0209f938a5a919edf2729fc433c272') in 0.017298 seconds
  Import took 0.020360 seconds .

========================================================================
Received Import Request.
  Time since last request: 2.197591 seconds.
  path: Assets/Enemy.prefab
  artifactKey: Guid(4f746ec8dfc9ae949add0726daa5a370) Importer(815301076,1909f56bfc062723c751e8b465ee728b)
Start importing Assets/Enemy.prefab using Guid(4f746ec8dfc9ae949add0726daa5a370) Importer(815301076,1909f56bfc062723c751e8b465ee728b)  -> (artifact id: '12970900793a1e82fdfe1e08dc1420f8') in 0.015566 seconds
  Import took 0.018818 seconds .

========================================================================
Received Import Request.
  Time since last request: 4.012498 seconds.
  path: Assets/Enemy.prefab
  artifactKey: Guid(4f746ec8dfc9ae949add0726daa5a370) Importer(815301076,1909f56bfc062723c751e8b465ee728b)
Start importing Assets/Enemy.prefab using Guid(4f746ec8dfc9ae949add0726daa5a370) Importer(815301076,1909f56bfc062723c751e8b465ee728b)  -> (artifact id: '66cc73d3628cb4f0344472311b469b28') in 0.019693 seconds
  Import took 0.022770 seconds .

========================================================================
Received Prepare
Registering precompiled user dll's ...
Registered in 0.001009 seconds.
Begin MonoManager ReloadAssembly
Native extension for WindowsStandalone target not found
Native extension for WebGL target not found
Refreshing native plugins compatible for Editor in 0.35 ms, found 1 plugins.
Preloading 0 native plugins for Editor in 0.00 ms.
Mono: successfully reloaded assembly
- Completed reload, in  0.903 seconds
Platform modules already initialized, skipping
Refreshing native plugins compatible for Editor in 0.35 ms, found 1 plugins.
Preloading 0 native plugins for Editor in 0.00 ms.
Unloading 1809 Unused Serialized files (Serialized files now loaded: 0)
System memory in use before: 88.6 MB.
System memory in use after: 88.6 MB.

Unloading 12 unused Assets to reduce memory usage. Loaded Objects now: 2383.
Total: 2.088000 ms (FindLiveObjects: 0.188400 ms CreateObjectMapping: 0.043400 ms MarkObjects: 1.733100 ms  DeleteObjects: 0.122200 ms)

========================================================================
Received Prepare
Registering precompiled user dll's ...
Registered in 0.001081 seconds.
Begin MonoManager ReloadAssembly
Native extension for WindowsStandalone target not found
Native extension for WebGL target not found
Refreshing native plugins compatible for Editor in 0.54 ms, found 1 plugins.
Preloading 0 native plugins for Editor in 0.00 ms.
Mono: successfully reloaded assembly
- Completed reload, in  0.986 seconds
Platform modules already initialized, skipping
Refreshing native plugins compatible for Editor in 0.36 ms, found 1 plugins.
Preloading 0 native plugins for Editor in 0.00 ms.
Unloading 1809 Unused Serialized files (Serialized files now loaded: 0)
System memory in use before: 88.6 MB.
System memory in use after: 88.6 MB.

Unloading 12 unused Assets to reduce memory usage. Loaded Objects now: 2387.
Total: 2.202200 ms (FindLiveObjects: 0.382900 ms CreateObjectMapping: 0.061800 ms MarkObjects: 1.644200 ms  DeleteObjects: 0.112000 ms)

AssetImportWorkerClient::OnTransportError - code=2 error=End of file
